=== INÍCIO DA RENDERIZAÇÃO FASE 3B ===
Diretório de trabalho: /Users/ricardoceneviva/Library/CloudStorage/Dropbox/UFABC/MAPP/Labs/Labs-2026/MAPP2026-Lab07 


processing file: lab07_phase3b.Rmd
1/18                         
2/18 [setup]                 
3/18                         
4/18 [bloco-b0-prerequisitos]
5/18                         
6/18 [bloco-b1-padronizacao] 
7/18                         
8/18 [bloco-b2-classificacao]
9/18                         
10/18 [bloco-b3-integridade]  
11/18                         
12/18 [bloco-b4-amostra]      
13/18                         
14/18 [bloco-b5-painel]       
15/18                         
16/18 [bloco-b6-descritivas]  
17/18                         
18/18 [bloco-b7-handoff]      
output file: lab07_phase3b.knit.md

/usr/local/bin/pandoc +RTS -K512m -RTS lab07_phase3b.knit.md --to html4 --from markdown+autolink_bare_uris+tex_math_single_backslash --output /Users/ricardoceneviva/Library/CloudStorage/Dropbox/UFABC/MAPP/Labs/Labs-2026/MAPP2026-Lab07/docs/lab07_phase3b.html --lua-filter /Library/Frameworks/R.framework/Versions/4.5-x86_64/Resources/library/rmarkdown/rmarkdown/lua/pagebreak.lua --lua-filter /Library/Frameworks/R.framework/Versions/4.5-x86_64/Resources/library/rmarkdown/rmarkdown/lua/latex-div.lua --lua-filter /Library/Frameworks/R.framework/Versions/4.5-x86_64/Resources/library/rmarkdown/rmarkdown/lua/table-classes.lua --embed-resources --standalone --variable bs3=TRUE --section-divs --table-of-contents --toc-depth 2 --template /Library/Frameworks/R.framework/Versions/4.5-x86_64/Resources/library/rmarkdown/rmd/h/default.html --syntax-highlighting=none --variable highlightjs=1 --variable theme=bootstrap --mathjax --variable 'mathjax-url=https://mathjax.rstudio.com/latest/MathJax.js?config=TeX-AMS-MML_HTMLorMML' --include-in-header /var/folders/c_/4ct30wjj3b7dn3tpx6nxpmlc0000gn/T//RtmpCUgiUr/rmarkdown-strc824361608dc.html 

Output created: docs/lab07_phase3b.html
=== FIM DA RENDERIZAÇÃO FASE 3B ===
