=== INÍCIO DA RENDERIZAÇÃO FASE 3C ===
Diretório de trabalho: /Users/ricardoceneviva/Library/CloudStorage/Dropbox/UFABC/MAPP/Labs/Labs-2026/MAPP2026-Lab07 


processing file: lab07_phase3c.Rmd
1/14                         
2/14 [setup]                 
3/14                         
4/14 [bloco-c0-prerequisitos]
5/14                         
6/14 [bloco-c1-consistencia] 
7/14                         
8/14 [bloco-c2-ols-simple]   
9/14                         
10/14 [bloco-c3-ols-full]     
11/14                         
12/14 [bloco-c4-readme]       
13/14                         
14/14 [bloco-c5-handoff]      
output file: lab07_phase3c.knit.md

/usr/local/bin/pandoc +RTS -K512m -RTS lab07_phase3c.knit.md --to html4 --from markdown+autolink_bare_uris+tex_math_single_backslash --output /Users/ricardoceneviva/Library/CloudStorage/Dropbox/UFABC/MAPP/Labs/Labs-2026/MAPP2026-Lab07/docs/lab07_phase3c.html --lua-filter /Library/Frameworks/R.framework/Versions/4.5-x86_64/Resources/library/rmarkdown/rmarkdown/lua/pagebreak.lua --lua-filter /Library/Frameworks/R.framework/Versions/4.5-x86_64/Resources/library/rmarkdown/rmarkdown/lua/latex-div.lua --lua-filter /Library/Frameworks/R.framework/Versions/4.5-x86_64/Resources/library/rmarkdown/rmarkdown/lua/table-classes.lua --embed-resources --standalone --variable bs3=TRUE --section-divs --table-of-contents --toc-depth 2 --template /Library/Frameworks/R.framework/Versions/4.5-x86_64/Resources/library/rmarkdown/rmd/h/default.html --syntax-highlighting=none --variable highlightjs=1 --variable theme=bootstrap --mathjax --variable 'mathjax-url=https://mathjax.rstudio.com/latest/MathJax.js?config=TeX-AMS-MML_HTMLorMML' --include-in-header /var/folders/c_/4ct30wjj3b7dn3tpx6nxpmlc0000gn/T//Rtmp6r1du3/rmarkdown-strcc9a53fd6034.html 

Output created: docs/lab07_phase3c.html
=== FIM DA RENDERIZAÇÃO FASE 3C ===
